2009.11.09 08:10 B D:\wamp\www\eesl-earth\eesl\Admin_eesl\EditorEquipment\icons\backcolor.gif <-- www.eesl-earth.com /www/eesl/Admin_eesl/EditorEquipment/icons backcolor.gif
2009.11.09 08:10 B D:\wamp\www\eesl-earth\eesl\Admin_eesl\EditorEquipment\icons\backcolor_on.gif <-- www.eesl-earth.com /www/eesl/Admin_eesl/EditorEquipment/icons backcolor_on.gif
2009.11.09 08:10 B D:\wamp\www\eesl-earth\eesl\Admin_eesl\EditorEquipment\icons\background_silver.jpg <-- www.eesl-earth.com /www/eesl/Admin_eesl/EditorEquipment/icons background_silver.jpg
2009.11.09 08:10 B D:\wamp\www\eesl-earth\eesl\Admin_eesl\EditorEquipment\icons\bold.gif <-- www.eesl-earth.com /www/eesl/Admin_eesl/EditorEquipment/icons bold.gif
2009.11.09 08:11 B D:\wamp\www\eesl-earth\eesl\Admin_eesl\EditorEquipment\icons\bold_on.gif <-- www.eesl-earth.com /www/eesl/Admin_eesl/EditorEquipment/icons bold_on.gif
2009.11.09 08:11 B D:\wamp\www\eesl-earth\eesl\Admin_eesl\EditorEquipment\icons\copy.gif <-- www.eesl-earth.com /www/eesl/Admin_eesl/EditorEquipment/icons copy.gif
2009.11.09 08:11 B D:\wamp\www\eesl-earth\eesl\Admin_eesl\EditorEquipment\icons\copy_on.gif <-- www.eesl-earth.com /www/eesl/Admin_eesl/EditorEquipment/icons copy_on.gif
2009.11.09 08:11 B D:\wamp\www\eesl-earth\eesl\Admin_eesl\EditorEquipment\icons\cut.gif <-- www.eesl-earth.com /www/eesl/Admin_eesl/EditorEquipment/icons cut.gif
2009.11.09 08:11 B D:\wamp\www\eesl-earth\eesl\Admin_eesl\EditorEquipment\icons\cut_on.gif <-- www.eesl-earth.com /www/eesl/Admin_eesl/EditorEquipment/icons cut_on.gif
2009.11.09 08:11 B D:\wamp\www\eesl-earth\eesl\Admin_eesl\EditorEquipment\icons\forecolor.gif <-- www.eesl-earth.com /www/eesl/Admin_eesl/EditorEquipment/icons forecolor.gif
2009.11.09 08:11 B D:\wamp\www\eesl-earth\eesl\Admin_eesl\EditorEquipment\icons\forecolor_on.gif <-- www.eesl-earth.com /www/eesl/Admin_eesl/EditorEquipment/icons forecolor_on.gif
2009.11.09 08:11 B D:\wamp\www\eesl-earth\eesl\Admin_eesl\EditorEquipment\icons\help.gif <-- www.eesl-earth.com /www/eesl/Admin_eesl/EditorEquipment/icons help.gif
2009.11.09 08:11 B D:\wamp\www\eesl-earth\eesl\Admin_eesl\EditorEquipment\icons\help_on.gif <-- www.eesl-earth.com /www/eesl/Admin_eesl/EditorEquipment/icons help_on.gif
2009.11.09 08:11 B D:\wamp\www\eesl-earth\eesl\Admin_eesl\EditorEquipment\icons\indent_left.gif <-- www.eesl-earth.com /www/eesl/Admin_eesl/EditorEquipment/icons indent_left.gif
2009.11.09 08:11 B D:\wamp\www\eesl-earth\eesl\Admin_eesl\EditorEquipment\icons\indent_left_on.gif <-- www.eesl-earth.com /www/eesl/Admin_eesl/EditorEquipment/icons indent_left_on.gif
2009.11.09 08:11 B D:\wamp\www\eesl-earth\eesl\Admin_eesl\EditorEquipment\icons\indent_right.gif <-- www.eesl-earth.com /www/eesl/Admin_eesl/EditorEquipment/icons indent_right.gif
2009.11.09 08:11 B D:\wamp\www\eesl-earth\eesl\Admin_eesl\EditorEquipment\icons\indent_right_on.gif <-- www.eesl-earth.com /www/eesl/Admin_eesl/EditorEquipment/icons indent_right_on.gif
2009.11.09 08:11 B D:\wamp\www\eesl-earth\eesl\Admin_eesl\EditorEquipment\icons\insert_hyperlink.gif <-- www.eesl-earth.com /www/eesl/Admin_eesl/EditorEquipment/icons insert_hyperlink.gif
2009.11.09 08:11 B D:\wamp\www\eesl-earth\eesl\Admin_eesl\EditorEquipment\icons\insert_hyperlink_on.gif <-- www.eesl-earth.com /www/eesl/Admin_eesl/EditorEquipment/icons insert_hyperlink_on.gif
2009.11.09 08:11 B D:\wamp\www\eesl-earth\eesl\Admin_eesl\EditorEquipment\icons\insert_picture.gif <-- www.eesl-earth.com /www/eesl/Admin_eesl/EditorEquipment/icons insert_picture.gif
2009.11.09 08:11 B D:\wamp\www\eesl-earth\eesl\Admin_eesl\EditorEquipment\icons\insert_picture_on.gif <-- www.eesl-earth.com /www/eesl/Admin_eesl/EditorEquipment/icons insert_picture_on.gif
2009.11.09 08:11 B D:\wamp\www\eesl-earth\eesl\Admin_eesl\EditorEquipment\icons\insert_table.gif <-- www.eesl-earth.com /www/eesl/Admin_eesl/EditorEquipment/icons insert_table.gif
2009.11.09 08:11 B D:\wamp\www\eesl-earth\eesl\Admin_eesl\EditorEquipment\icons\insert_table_on.gif <-- www.eesl-earth.com /www/eesl/Admin_eesl/EditorEquipment/icons insert_table_on.gif
2009.11.09 08:11 B D:\wamp\www\eesl-earth\eesl\Admin_eesl\EditorEquipment\icons\italics.gif <-- www.eesl-earth.com /www/eesl/Admin_eesl/EditorEquipment/icons italics.gif
2009.11.09 08:11 B D:\wamp\www\eesl-earth\eesl\Admin_eesl\EditorEquipment\icons\italics_on.gif <-- www.eesl-earth.com /www/eesl/Admin_eesl/EditorEquipment/icons italics_on.gif
2009.11.09 08:11 B D:\wamp\www\eesl-earth\eesl\Admin_eesl\EditorEquipment\icons\justify_center.gif <-- www.eesl-earth.com /www/eesl/Admin_eesl/EditorEquipment/icons justify_center.gif
2009.11.09 08:11 B D:\wamp\www\eesl-earth\eesl\Admin_eesl\EditorEquipment\icons\justify_center_on.gif <-- www.eesl-earth.com /www/eesl/Admin_eesl/EditorEquipment/icons justify_center_on.gif
2009.11.09 08:12 B D:\wamp\www\eesl-earth\eesl\Admin_eesl\EditorEquipment\icons\justify_left.gif <-- www.eesl-earth.com /www/eesl/Admin_eesl/EditorEquipment/icons justify_left.gif
2009.11.09 08:12 B D:\wamp\www\eesl-earth\eesl\Admin_eesl\EditorEquipment\icons\justify_left_on.gif <-- www.eesl-earth.com /www/eesl/Admin_eesl/EditorEquipment/icons justify_left_on.gif
2009.11.09 08:12 B D:\wamp\www\eesl-earth\eesl\Admin_eesl\EditorEquipment\icons\justify_right.gif <-- www.eesl-earth.com /www/eesl/Admin_eesl/EditorEquipment/icons justify_right.gif
2009.11.09 08:12 B D:\wamp\www\eesl-earth\eesl\Admin_eesl\EditorEquipment\icons\justify_right_on.gif <-- www.eesl-earth.com /www/eesl/Admin_eesl/EditorEquipment/icons justify_right_on.gif
2009.11.09 08:12 B D:\wamp\www\eesl-earth\eesl\Admin_eesl\EditorEquipment\icons\list_ordered.gif <-- www.eesl-earth.com /www/eesl/Admin_eesl/EditorEquipment/icons list_ordered.gif
2009.11.09 08:12 B D:\wamp\www\eesl-earth\eesl\Admin_eesl\EditorEquipment\icons\list_ordered_on.gif <-- www.eesl-earth.com /www/eesl/Admin_eesl/EditorEquipment/icons list_ordered_on.gif
2009.11.09 08:12 B D:\wamp\www\eesl-earth\eesl\Admin_eesl\EditorEquipment\icons\list_unordered.gif <-- www.eesl-earth.com /www/eesl/Admin_eesl/EditorEquipment/icons list_unordered.gif
2009.11.09 08:12 B D:\wamp\www\eesl-earth\eesl\Admin_eesl\EditorEquipment\icons\list_unordered_on.gif <-- www.eesl-earth.com /www/eesl/Admin_eesl/EditorEquipment/icons list_unordered_on.gif
2009.11.09 08:12 B D:\wamp\www\eesl-earth\eesl\Admin_eesl\EditorEquipment\icons\logo.gif <-- www.eesl-earth.com /www/eesl/Admin_eesl/EditorEquipment/icons logo.gif
2009.11.09 08:12 B D:\wamp\www\eesl-earth\eesl\Admin_eesl\EditorEquipment\icons\paste.gif <-- www.eesl-earth.com /www/eesl/Admin_eesl/EditorEquipment/icons paste.gif
2009.11.09 08:12 B D:\wamp\www\eesl-earth\eesl\Admin_eesl\EditorEquipment\icons\paste_on.gif <-- www.eesl-earth.com /www/eesl/Admin_eesl/EditorEquipment/icons paste_on.gif
2009.11.09 08:12 B D:\wamp\www\eesl-earth\eesl\Admin_eesl\EditorEquipment\icons\redo.gif <-- www.eesl-earth.com /www/eesl/Admin_eesl/EditorEquipment/icons redo.gif
2009.11.09 08:12 B D:\wamp\www\eesl-earth\eesl\Admin_eesl\EditorEquipment\icons\redo_on.gif <-- www.eesl-earth.com /www/eesl/Admin_eesl/EditorEquipment/icons redo_on.gif
2009.11.09 08:12 B D:\wamp\www\eesl-earth\eesl\Admin_eesl\EditorEquipment\icons\select_font.gif <-- www.eesl-earth.com /www/eesl/Admin_eesl/EditorEquipment/icons select_font.gif
2009.11.09 08:12 B D:\wamp\www\eesl-earth\eesl\Admin_eesl\EditorEquipment\icons\select_font_on.gif <-- www.eesl-earth.com /www/eesl/Admin_eesl/EditorEquipment/icons select_font_on.gif
2009.11.09 08:12 B D:\wamp\www\eesl-earth\eesl\Admin_eesl\EditorEquipment\icons\select_size.gif <-- www.eesl-earth.com /www/eesl/Admin_eesl/EditorEquipment/icons select_size.gif
2009.11.09 08:12 B D:\wamp\www\eesl-earth\eesl\Admin_eesl\EditorEquipment\icons\select_size_on.gif <-- www.eesl-earth.com /www/eesl/Admin_eesl/EditorEquipment/icons select_size_on.gif
2009.11.09 08:12 B D:\wamp\www\eesl-earth\eesl\Admin_eesl\EditorEquipment\icons\seperator.gif <-- www.eesl-earth.com /www/eesl/Admin_eesl/EditorEquipment/icons seperator.gif
2009.11.09 08:12 B D:\wamp\www\eesl-earth\eesl\Admin_eesl\EditorEquipment\icons\seperator2.gif <-- www.eesl-earth.com /www/eesl/Admin_eesl/EditorEquipment/icons seperator2.gif
2009.11.09 08:12 B D:\wamp\www\eesl-earth\eesl\Admin_eesl\EditorEquipment\icons\strikethrough.gif <-- www.eesl-earth.com /www/eesl/Admin_eesl/EditorEquipment/icons strikethrough.gif
2009.11.09 08:12 B D:\wamp\www\eesl-earth\eesl\Admin_eesl\EditorEquipment\icons\strikethrough_on.gif <-- www.eesl-earth.com /www/eesl/Admin_eesl/EditorEquipment/icons strikethrough_on.gif
2009.11.09 08:12 B D:\wamp\www\eesl-earth\eesl\Admin_eesl\EditorEquipment\icons\subscript.gif <-- www.eesl-earth.com /www/eesl/Admin_eesl/EditorEquipment/icons subscript.gif
2009.11.09 08:12 B D:\wamp\www\eesl-earth\eesl\Admin_eesl\EditorEquipment\icons\subscript_on.gif <-- www.eesl-earth.com /www/eesl/Admin_eesl/EditorEquipment/icons subscript_on.gif
2009.11.09 08:12 B D:\wamp\www\eesl-earth\eesl\Admin_eesl\EditorEquipment\icons\superscript.gif <-- www.eesl-earth.com /www/eesl/Admin_eesl/EditorEquipment/icons superscript.gif
2009.11.09 08:12 B D:\wamp\www\eesl-earth\eesl\Admin_eesl\EditorEquipment\icons\superscript_on.gif <-- www.eesl-earth.com /www/eesl/Admin_eesl/EditorEquipment/icons superscript_on.gif
2009.11.09 08:12 B D:\wamp\www\eesl-earth\eesl\Admin_eesl\EditorEquipment\icons\underline.gif <-- www.eesl-earth.com /www/eesl/Admin_eesl/EditorEquipment/icons underline.gif
2009.11.09 08:13 B D:\wamp\www\eesl-earth\eesl\Admin_eesl\EditorEquipment\icons\underline_on.gif <-- www.eesl-earth.com /www/eesl/Admin_eesl/EditorEquipment/icons underline_on.gif
2009.11.09 08:13 B D:\wamp\www\eesl-earth\eesl\Admin_eesl\EditorEquipment\icons\undo.gif <-- www.eesl-earth.com /www/eesl/Admin_eesl/EditorEquipment/icons undo.gif
2009.11.09 08:13 B D:\wamp\www\eesl-earth\eesl\Admin_eesl\EditorEquipment\icons\undo_on.gif <-- www.eesl-earth.com /www/eesl/Admin_eesl/EditorEquipment/icons undo_on.gif
2009.11.09 08:13 B D:\wamp\www\eesl-earth\eesl\Admin_eesl\EditorEquipment\icons\view_source.gif <-- www.eesl-earth.com /www/eesl/Admin_eesl/EditorEquipment/icons view_source.gif
2009.11.09 08:13 B D:\wamp\www\eesl-earth\eesl\Admin_eesl\EditorEquipment\icons\view_source_on.gif <-- www.eesl-earth.com /www/eesl/Admin_eesl/EditorEquipment/icons view_source_on.gif
2009.11.09 08:13 B D:\wamp\www\eesl-earth\eesl\Admin_eesl\EditorEquipment\icons\view_text.gif <-- www.eesl-earth.com /www/eesl/Admin_eesl/EditorEquipment/icons view_text.gif
2009.11.09 08:13 B D:\wamp\www\eesl-earth\eesl\Admin_eesl\EditorEquipment\icons\view_text_on.gif <-- www.eesl-earth.com /www/eesl/Admin_eesl/EditorEquipment/icons view_text_on.gif
2009.11.21 22:08 B C:\wamp\www\Shirt\Admin\EditorEquipment\icons\backcolor.gif --> www.eesl-earth.com /www/sml/Admin/EditorEquipment/icons backcolor.gif
2009.11.21 22:08 B C:\wamp\www\Shirt\Admin\EditorEquipment\icons\backcolor_on.gif --> www.eesl-earth.com /www/sml/Admin/EditorEquipment/icons backcolor_on.gif
2009.11.21 22:08 B C:\wamp\www\Shirt\Admin\EditorEquipment\icons\background_silver.jpg --> www.eesl-earth.com /www/sml/Admin/EditorEquipment/icons background_silver.jpg
2009.11.21 22:08 B C:\wamp\www\Shirt\Admin\EditorEquipment\icons\bold.gif --> www.eesl-earth.com /www/sml/Admin/EditorEquipment/icons bold.gif
2009.11.21 22:08 B C:\wamp\www\Shirt\Admin\EditorEquipment\icons\bold_on.gif --> www.eesl-earth.com /www/sml/Admin/EditorEquipment/icons bold_on.gif
2009.11.21 22:08 B C:\wamp\www\Shirt\Admin\EditorEquipment\icons\copy.gif --> www.eesl-earth.com /www/sml/Admin/EditorEquipment/icons copy.gif
2009.11.21 22:08 B C:\wamp\www\Shirt\Admin\EditorEquipment\icons\copy_on.gif --> www.eesl-earth.com /www/sml/Admin/EditorEquipment/icons copy_on.gif
2009.11.21 22:08 B C:\wamp\www\Shirt\Admin\EditorEquipment\icons\cut.gif --> www.eesl-earth.com /www/sml/Admin/EditorEquipment/icons cut.gif
2009.11.21 22:08 B C:\wamp\www\Shirt\Admin\EditorEquipment\icons\cut_on.gif --> www.eesl-earth.com /www/sml/Admin/EditorEquipment/icons cut_on.gif
2009.11.21 22:08 B C:\wamp\www\Shirt\Admin\EditorEquipment\icons\forecolor.gif --> www.eesl-earth.com /www/sml/Admin/EditorEquipment/icons forecolor.gif
2009.11.21 22:08 B C:\wamp\www\Shirt\Admin\EditorEquipment\icons\forecolor_on.gif --> www.eesl-earth.com /www/sml/Admin/EditorEquipment/icons forecolor_on.gif
2009.11.21 22:08 B C:\wamp\www\Shirt\Admin\EditorEquipment\icons\help.gif --> www.eesl-earth.com /www/sml/Admin/EditorEquipment/icons help.gif
2009.11.21 22:08 B C:\wamp\www\Shirt\Admin\EditorEquipment\icons\help_on.gif --> www.eesl-earth.com /www/sml/Admin/EditorEquipment/icons help_on.gif
2009.11.21 22:08 B C:\wamp\www\Shirt\Admin\EditorEquipment\icons\indent_left.gif --> www.eesl-earth.com /www/sml/Admin/EditorEquipment/icons indent_left.gif
2009.11.21 22:08 B C:\wamp\www\Shirt\Admin\EditorEquipment\icons\indent_left_on.gif --> www.eesl-earth.com /www/sml/Admin/EditorEquipment/icons indent_left_on.gif
2009.11.21 22:09 B C:\wamp\www\Shirt\Admin\EditorEquipment\icons\indent_right.gif --> www.eesl-earth.com /www/sml/Admin/EditorEquipment/icons indent_right.gif
2009.11.21 22:09 B C:\wamp\www\Shirt\Admin\EditorEquipment\icons\indent_right_on.gif --> www.eesl-earth.com /www/sml/Admin/EditorEquipment/icons indent_right_on.gif
2009.11.21 22:09 B C:\wamp\www\Shirt\Admin\EditorEquipment\icons\insert_hyperlink.gif --> www.eesl-earth.com /www/sml/Admin/EditorEquipment/icons insert_hyperlink.gif
2009.11.21 22:09 B C:\wamp\www\Shirt\Admin\EditorEquipment\icons\insert_hyperlink_on.gif --> www.eesl-earth.com /www/sml/Admin/EditorEquipment/icons insert_hyperlink_on.gif
2009.11.21 22:09 B C:\wamp\www\Shirt\Admin\EditorEquipment\icons\insert_picture.gif --> www.eesl-earth.com /www/sml/Admin/EditorEquipment/icons insert_picture.gif
2009.11.21 22:09 B C:\wamp\www\Shirt\Admin\EditorEquipment\icons\insert_picture_on.gif --> www.eesl-earth.com /www/sml/Admin/EditorEquipment/icons insert_picture_on.gif
2009.11.21 22:09 B C:\wamp\www\Shirt\Admin\EditorEquipment\icons\insert_table.gif --> www.eesl-earth.com /www/sml/Admin/EditorEquipment/icons insert_table.gif
2009.11.21 22:09 B C:\wamp\www\Shirt\Admin\EditorEquipment\icons\insert_table_on.gif --> www.eesl-earth.com /www/sml/Admin/EditorEquipment/icons insert_table_on.gif
2009.11.21 22:09 B C:\wamp\www\Shirt\Admin\EditorEquipment\icons\italics.gif --> www.eesl-earth.com /www/sml/Admin/EditorEquipment/icons italics.gif
2009.11.21 22:09 B C:\wamp\www\Shirt\Admin\EditorEquipment\icons\italics_on.gif --> www.eesl-earth.com /www/sml/Admin/EditorEquipment/icons italics_on.gif
2009.11.21 22:09 B C:\wamp\www\Shirt\Admin\EditorEquipment\icons\justify_center.gif --> www.eesl-earth.com /www/sml/Admin/EditorEquipment/icons justify_center.gif
2009.11.21 22:09 B C:\wamp\www\Shirt\Admin\EditorEquipment\icons\justify_center_on.gif --> www.eesl-earth.com /www/sml/Admin/EditorEquipment/icons justify_center_on.gif
2009.11.21 22:09 B C:\wamp\www\Shirt\Admin\EditorEquipment\icons\justify_left.gif --> www.eesl-earth.com /www/sml/Admin/EditorEquipment/icons justify_left.gif
2009.11.21 22:09 B C:\wamp\www\Shirt\Admin\EditorEquipment\icons\justify_left_on.gif --> www.eesl-earth.com /www/sml/Admin/EditorEquipment/icons justify_left_on.gif
2009.11.21 22:09 B C:\wamp\www\Shirt\Admin\EditorEquipment\icons\justify_right.gif --> www.eesl-earth.com /www/sml/Admin/EditorEquipment/icons justify_right.gif
2009.11.21 22:09 B C:\wamp\www\Shirt\Admin\EditorEquipment\icons\justify_right_on.gif --> www.eesl-earth.com /www/sml/Admin/EditorEquipment/icons justify_right_on.gif
2009.11.21 22:09 B C:\wamp\www\Shirt\Admin\EditorEquipment\icons\list_ordered.gif --> www.eesl-earth.com /www/sml/Admin/EditorEquipment/icons list_ordered.gif
2009.11.21 22:09 B C:\wamp\www\Shirt\Admin\EditorEquipment\icons\list_ordered_on.gif --> www.eesl-earth.com /www/sml/Admin/EditorEquipment/icons list_ordered_on.gif
2009.11.21 22:10 B C:\wamp\www\Shirt\Admin\EditorEquipment\icons\list_unordered.gif --> www.eesl-earth.com /www/sml/Admin/EditorEquipment/icons list_unordered.gif
2009.11.21 22:10 B C:\wamp\www\Shirt\Admin\EditorEquipment\icons\list_unordered_on.gif --> www.eesl-earth.com /www/sml/Admin/EditorEquipment/icons list_unordered_on.gif
2009.11.21 22:10 B C:\wamp\www\Shirt\Admin\EditorEquipment\icons\logo.gif --> www.eesl-earth.com /www/sml/Admin/EditorEquipment/icons logo.gif
2009.11.21 22:10 B C:\wamp\www\Shirt\Admin\EditorEquipment\icons\paste.gif --> www.eesl-earth.com /www/sml/Admin/EditorEquipment/icons paste.gif
2009.11.21 22:10 B C:\wamp\www\Shirt\Admin\EditorEquipment\icons\paste_on.gif --> www.eesl-earth.com /www/sml/Admin/EditorEquipment/icons paste_on.gif
2009.11.21 22:10 B C:\wamp\www\Shirt\Admin\EditorEquipment\icons\redo.gif --> www.eesl-earth.com /www/sml/Admin/EditorEquipment/icons redo.gif
2009.11.21 22:10 B C:\wamp\www\Shirt\Admin\EditorEquipment\icons\redo_on.gif --> www.eesl-earth.com /www/sml/Admin/EditorEquipment/icons redo_on.gif
2009.11.21 22:10 B C:\wamp\www\Shirt\Admin\EditorEquipment\icons\select_font.gif --> www.eesl-earth.com /www/sml/Admin/EditorEquipment/icons select_font.gif
2009.11.21 22:10 B C:\wamp\www\Shirt\Admin\EditorEquipment\icons\select_font_on.gif --> www.eesl-earth.com /www/sml/Admin/EditorEquipment/icons select_font_on.gif
2009.11.21 22:10 B C:\wamp\www\Shirt\Admin\EditorEquipment\icons\select_size.gif --> www.eesl-earth.com /www/sml/Admin/EditorEquipment/icons select_size.gif
2009.11.21 22:10 B C:\wamp\www\Shirt\Admin\EditorEquipment\icons\select_size_on.gif --> www.eesl-earth.com /www/sml/Admin/EditorEquipment/icons select_size_on.gif
2009.11.21 22:10 B C:\wamp\www\Shirt\Admin\EditorEquipment\icons\seperator.gif --> www.eesl-earth.com /www/sml/Admin/EditorEquipment/icons seperator.gif
2009.11.21 22:10 B C:\wamp\www\Shirt\Admin\EditorEquipment\icons\seperator2.gif --> www.eesl-earth.com /www/sml/Admin/EditorEquipment/icons seperator2.gif
2009.11.21 22:11 B C:\wamp\www\Shirt\Admin\EditorEquipment\icons\strikethrough.gif --> www.eesl-earth.com /www/sml/Admin/EditorEquipment/icons strikethrough.gif
2009.11.21 22:11 B C:\wamp\www\Shirt\Admin\EditorEquipment\icons\strikethrough_on.gif --> www.eesl-earth.com /www/sml/Admin/EditorEquipment/icons strikethrough_on.gif
2009.11.21 22:11 B C:\wamp\www\Shirt\Admin\EditorEquipment\icons\subscript.gif --> www.eesl-earth.com /www/sml/Admin/EditorEquipment/icons subscript.gif
2009.11.21 22:11 B C:\wamp\www\Shirt\Admin\EditorEquipment\icons\subscript_on.gif --> www.eesl-earth.com /www/sml/Admin/EditorEquipment/icons subscript_on.gif
2009.11.21 22:11 B C:\wamp\www\Shirt\Admin\EditorEquipment\icons\superscript.gif --> www.eesl-earth.com /www/sml/Admin/EditorEquipment/icons superscript.gif
2009.11.21 22:11 B C:\wamp\www\Shirt\Admin\EditorEquipment\icons\superscript_on.gif --> www.eesl-earth.com /www/sml/Admin/EditorEquipment/icons superscript_on.gif
2009.11.21 22:11 B C:\wamp\www\Shirt\Admin\EditorEquipment\icons\underline.gif --> www.eesl-earth.com /www/sml/Admin/EditorEquipment/icons underline.gif
2009.11.21 22:11 B C:\wamp\www\Shirt\Admin\EditorEquipment\icons\underline_on.gif --> www.eesl-earth.com /www/sml/Admin/EditorEquipment/icons underline_on.gif
2009.11.21 22:11 B C:\wamp\www\Shirt\Admin\EditorEquipment\icons\undo.gif --> www.eesl-earth.com /www/sml/Admin/EditorEquipment/icons undo.gif
2009.11.21 22:11 B C:\wamp\www\Shirt\Admin\EditorEquipment\icons\undo_on.gif --> www.eesl-earth.com /www/sml/Admin/EditorEquipment/icons undo_on.gif
2009.11.21 22:11 B C:\wamp\www\Shirt\Admin\EditorEquipment\icons\view_source.gif --> www.eesl-earth.com /www/sml/Admin/EditorEquipment/icons view_source.gif
2009.11.21 22:11 B C:\wamp\www\Shirt\Admin\EditorEquipment\icons\view_source_on.gif --> www.eesl-earth.com /www/sml/Admin/EditorEquipment/icons view_source_on.gif
2009.11.21 22:11 B C:\wamp\www\Shirt\Admin\EditorEquipment\icons\view_text.gif --> www.eesl-earth.com /www/sml/Admin/EditorEquipment/icons view_text.gif
2009.11.21 22:11 B C:\wamp\www\Shirt\Admin\EditorEquipment\icons\view_text_on.gif --> www.eesl-earth.com /www/sml/Admin/EditorEquipment/icons view_text_on.gif
2011.03.17 07:32 B F:\MyDev\xampp\htdocs\dev\Admin\EditorEquipment\icons\WS_FTP.LOG <-- SML /www/sml/Admin/EditorEquipment/icons WS_FTP.LOG
2012.10.02 15:47 B C:\xampp\htdocs\GKKKMD\Admin_ph\EditorEquipment\icons\backcolor.gif --> gandariakochikancha.org /www/Admin_ph/EditorEquipment/icons backcolor.gif
2012.10.02 15:47 B C:\xampp\htdocs\GKKKMD\Admin_ph\EditorEquipment\icons\backcolor_on.gif --> gandariakochikancha.org /www/Admin_ph/EditorEquipment/icons backcolor_on.gif
2012.10.02 15:47 B C:\xampp\htdocs\GKKKMD\Admin_ph\EditorEquipment\icons\background_silver.jpg --> gandariakochikancha.org /www/Admin_ph/EditorEquipment/icons background_silver.jpg
2012.10.02 15:47 B C:\xampp\htdocs\GKKKMD\Admin_ph\EditorEquipment\icons\bold.gif --> gandariakochikancha.org /www/Admin_ph/EditorEquipment/icons bold.gif
2012.10.02 15:47 B C:\xampp\htdocs\GKKKMD\Admin_ph\EditorEquipment\icons\bold_on.gif --> gandariakochikancha.org /www/Admin_ph/EditorEquipment/icons bold_on.gif
2012.10.02 15:47 B C:\xampp\htdocs\GKKKMD\Admin_ph\EditorEquipment\icons\copy.gif --> gandariakochikancha.org /www/Admin_ph/EditorEquipment/icons copy.gif
2012.10.02 15:47 B C:\xampp\htdocs\GKKKMD\Admin_ph\EditorEquipment\icons\copy_on.gif --> gandariakochikancha.org /www/Admin_ph/EditorEquipment/icons copy_on.gif
2012.10.02 15:47 B C:\xampp\htdocs\GKKKMD\Admin_ph\EditorEquipment\icons\cut.gif --> gandariakochikancha.org /www/Admin_ph/EditorEquipment/icons cut.gif
2012.10.02 15:47 B C:\xampp\htdocs\GKKKMD\Admin_ph\EditorEquipment\icons\cut_on.gif --> gandariakochikancha.org /www/Admin_ph/EditorEquipment/icons cut_on.gif
2012.10.02 15:47 B C:\xampp\htdocs\GKKKMD\Admin_ph\EditorEquipment\icons\forecolor.gif --> gandariakochikancha.org /www/Admin_ph/EditorEquipment/icons forecolor.gif
2012.10.02 15:47 B C:\xampp\htdocs\GKKKMD\Admin_ph\EditorEquipment\icons\forecolor_on.gif --> gandariakochikancha.org /www/Admin_ph/EditorEquipment/icons forecolor_on.gif
2012.10.02 15:47 B C:\xampp\htdocs\GKKKMD\Admin_ph\EditorEquipment\icons\help.gif --> gandariakochikancha.org /www/Admin_ph/EditorEquipment/icons help.gif
2012.10.02 15:47 B C:\xampp\htdocs\GKKKMD\Admin_ph\EditorEquipment\icons\help_on.gif --> gandariakochikancha.org /www/Admin_ph/EditorEquipment/icons help_on.gif
2012.10.02 15:47 B C:\xampp\htdocs\GKKKMD\Admin_ph\EditorEquipment\icons\indent_left.gif --> gandariakochikancha.org /www/Admin_ph/EditorEquipment/icons indent_left.gif
2012.10.02 15:47 B C:\xampp\htdocs\GKKKMD\Admin_ph\EditorEquipment\icons\indent_left_on.gif --> gandariakochikancha.org /www/Admin_ph/EditorEquipment/icons indent_left_on.gif
2012.10.02 15:47 B C:\xampp\htdocs\GKKKMD\Admin_ph\EditorEquipment\icons\indent_right.gif --> gandariakochikancha.org /www/Admin_ph/EditorEquipment/icons indent_right.gif
2012.10.02 15:47 B C:\xampp\htdocs\GKKKMD\Admin_ph\EditorEquipment\icons\indent_right_on.gif --> gandariakochikancha.org /www/Admin_ph/EditorEquipment/icons indent_right_on.gif
2012.10.02 15:47 B C:\xampp\htdocs\GKKKMD\Admin_ph\EditorEquipment\icons\insert_hyperlink.gif --> gandariakochikancha.org /www/Admin_ph/EditorEquipment/icons insert_hyperlink.gif
2012.10.02 15:47 B C:\xampp\htdocs\GKKKMD\Admin_ph\EditorEquipment\icons\insert_hyperlink_on.gif --> gandariakochikancha.org /www/Admin_ph/EditorEquipment/icons insert_hyperlink_on.gif
2012.10.02 15:47 B C:\xampp\htdocs\GKKKMD\Admin_ph\EditorEquipment\icons\insert_picture.gif --> gandariakochikancha.org /www/Admin_ph/EditorEquipment/icons insert_picture.gif
2012.10.02 15:47 B C:\xampp\htdocs\GKKKMD\Admin_ph\EditorEquipment\icons\insert_picture_on.gif --> gandariakochikancha.org /www/Admin_ph/EditorEquipment/icons insert_picture_on.gif
2012.10.02 15:47 B C:\xampp\htdocs\GKKKMD\Admin_ph\EditorEquipment\icons\insert_table.gif --> gandariakochikancha.org /www/Admin_ph/EditorEquipment/icons insert_table.gif
2012.10.02 15:47 B C:\xampp\htdocs\GKKKMD\Admin_ph\EditorEquipment\icons\insert_table_on.gif --> gandariakochikancha.org /www/Admin_ph/EditorEquipment/icons insert_table_on.gif
2012.10.02 15:47 B C:\xampp\htdocs\GKKKMD\Admin_ph\EditorEquipment\icons\italics.gif --> gandariakochikancha.org /www/Admin_ph/EditorEquipment/icons italics.gif
2012.10.02 15:47 B C:\xampp\htdocs\GKKKMD\Admin_ph\EditorEquipment\icons\italics_on.gif --> gandariakochikancha.org /www/Admin_ph/EditorEquipment/icons italics_on.gif
2012.10.02 15:47 B C:\xampp\htdocs\GKKKMD\Admin_ph\EditorEquipment\icons\justify_center.gif --> gandariakochikancha.org /www/Admin_ph/EditorEquipment/icons justify_center.gif
2012.10.02 15:47 B C:\xampp\htdocs\GKKKMD\Admin_ph\EditorEquipment\icons\justify_center_on.gif --> gandariakochikancha.org /www/Admin_ph/EditorEquipment/icons justify_center_on.gif
2012.10.02 15:48 B C:\xampp\htdocs\GKKKMD\Admin_ph\EditorEquipment\icons\justify_left.gif --> gandariakochikancha.org /www/Admin_ph/EditorEquipment/icons justify_left.gif
2012.10.02 15:48 B C:\xampp\htdocs\GKKKMD\Admin_ph\EditorEquipment\icons\justify_left_on.gif --> gandariakochikancha.org /www/Admin_ph/EditorEquipment/icons justify_left_on.gif
2012.10.02 15:48 B C:\xampp\htdocs\GKKKMD\Admin_ph\EditorEquipment\icons\justify_right.gif --> gandariakochikancha.org /www/Admin_ph/EditorEquipment/icons justify_right.gif
2012.10.02 15:48 B C:\xampp\htdocs\GKKKMD\Admin_ph\EditorEquipment\icons\justify_right_on.gif --> gandariakochikancha.org /www/Admin_ph/EditorEquipment/icons justify_right_on.gif
2012.10.02 15:48 B C:\xampp\htdocs\GKKKMD\Admin_ph\EditorEquipment\icons\list_ordered.gif --> gandariakochikancha.org /www/Admin_ph/EditorEquipment/icons list_ordered.gif
2012.10.02 15:48 B C:\xampp\htdocs\GKKKMD\Admin_ph\EditorEquipment\icons\list_ordered_on.gif --> gandariakochikancha.org /www/Admin_ph/EditorEquipment/icons list_ordered_on.gif
2012.10.02 15:48 B C:\xampp\htdocs\GKKKMD\Admin_ph\EditorEquipment\icons\list_unordered.gif --> gandariakochikancha.org /www/Admin_ph/EditorEquipment/icons list_unordered.gif
2012.10.02 15:48 B C:\xampp\htdocs\GKKKMD\Admin_ph\EditorEquipment\icons\list_unordered_on.gif --> gandariakochikancha.org /www/Admin_ph/EditorEquipment/icons list_unordered_on.gif
2012.10.02 15:48 B C:\xampp\htdocs\GKKKMD\Admin_ph\EditorEquipment\icons\logo.gif --> gandariakochikancha.org /www/Admin_ph/EditorEquipment/icons logo.gif
2012.10.02 15:48 B C:\xampp\htdocs\GKKKMD\Admin_ph\EditorEquipment\icons\paste.gif --> gandariakochikancha.org /www/Admin_ph/EditorEquipment/icons paste.gif
2012.10.02 15:48 B C:\xampp\htdocs\GKKKMD\Admin_ph\EditorEquipment\icons\paste_on.gif --> gandariakochikancha.org /www/Admin_ph/EditorEquipment/icons paste_on.gif
2012.10.02 15:48 B C:\xampp\htdocs\GKKKMD\Admin_ph\EditorEquipment\icons\redo.gif --> gandariakochikancha.org /www/Admin_ph/EditorEquipment/icons redo.gif
2012.10.02 15:48 B C:\xampp\htdocs\GKKKMD\Admin_ph\EditorEquipment\icons\redo_on.gif --> gandariakochikancha.org /www/Admin_ph/EditorEquipment/icons redo_on.gif
2012.10.02 15:48 B C:\xampp\htdocs\GKKKMD\Admin_ph\EditorEquipment\icons\select_font.gif --> gandariakochikancha.org /www/Admin_ph/EditorEquipment/icons select_font.gif
2012.10.02 15:48 B C:\xampp\htdocs\GKKKMD\Admin_ph\EditorEquipment\icons\select_font_on.gif --> gandariakochikancha.org /www/Admin_ph/EditorEquipment/icons select_font_on.gif
2012.10.02 15:48 B C:\xampp\htdocs\GKKKMD\Admin_ph\EditorEquipment\icons\select_size.gif --> gandariakochikancha.org /www/Admin_ph/EditorEquipment/icons select_size.gif
2012.10.02 15:48 B C:\xampp\htdocs\GKKKMD\Admin_ph\EditorEquipment\icons\select_size_on.gif --> gandariakochikancha.org /www/Admin_ph/EditorEquipment/icons select_size_on.gif
2012.10.02 15:48 B C:\xampp\htdocs\GKKKMD\Admin_ph\EditorEquipment\icons\seperator.gif --> gandariakochikancha.org /www/Admin_ph/EditorEquipment/icons seperator.gif
2012.10.02 15:48 B C:\xampp\htdocs\GKKKMD\Admin_ph\EditorEquipment\icons\seperator2.gif --> gandariakochikancha.org /www/Admin_ph/EditorEquipment/icons seperator2.gif
2012.10.02 15:48 B C:\xampp\htdocs\GKKKMD\Admin_ph\EditorEquipment\icons\strikethrough.gif --> gandariakochikancha.org /www/Admin_ph/EditorEquipment/icons strikethrough.gif
2012.10.02 15:48 B C:\xampp\htdocs\GKKKMD\Admin_ph\EditorEquipment\icons\strikethrough_on.gif --> gandariakochikancha.org /www/Admin_ph/EditorEquipment/icons strikethrough_on.gif
2012.10.02 15:48 B C:\xampp\htdocs\GKKKMD\Admin_ph\EditorEquipment\icons\subscript.gif --> gandariakochikancha.org /www/Admin_ph/EditorEquipment/icons subscript.gif
2012.10.02 15:48 B C:\xampp\htdocs\GKKKMD\Admin_ph\EditorEquipment\icons\subscript_on.gif --> gandariakochikancha.org /www/Admin_ph/EditorEquipment/icons subscript_on.gif
2012.10.02 15:48 B C:\xampp\htdocs\GKKKMD\Admin_ph\EditorEquipment\icons\superscript.gif --> gandariakochikancha.org /www/Admin_ph/EditorEquipment/icons superscript.gif
2012.10.02 15:48 B C:\xampp\htdocs\GKKKMD\Admin_ph\EditorEquipment\icons\superscript_on.gif --> gandariakochikancha.org /www/Admin_ph/EditorEquipment/icons superscript_on.gif
2012.10.02 15:48 B C:\xampp\htdocs\GKKKMD\Admin_ph\EditorEquipment\icons\underline.gif --> gandariakochikancha.org /www/Admin_ph/EditorEquipment/icons underline.gif
2012.10.02 15:48 B C:\xampp\htdocs\GKKKMD\Admin_ph\EditorEquipment\icons\underline_on.gif --> gandariakochikancha.org /www/Admin_ph/EditorEquipment/icons underline_on.gif
2012.10.02 15:48 B C:\xampp\htdocs\GKKKMD\Admin_ph\EditorEquipment\icons\undo.gif --> gandariakochikancha.org /www/Admin_ph/EditorEquipment/icons undo.gif
2012.10.02 15:49 B C:\xampp\htdocs\GKKKMD\Admin_ph\EditorEquipment\icons\undo_on.gif --> gandariakochikancha.org /www/Admin_ph/EditorEquipment/icons undo_on.gif
2012.10.02 15:49 B C:\xampp\htdocs\GKKKMD\Admin_ph\EditorEquipment\icons\view_source.gif --> gandariakochikancha.org /www/Admin_ph/EditorEquipment/icons view_source.gif
2012.10.02 15:49 B C:\xampp\htdocs\GKKKMD\Admin_ph\EditorEquipment\icons\view_source_on.gif --> gandariakochikancha.org /www/Admin_ph/EditorEquipment/icons view_source_on.gif
2012.10.02 15:49 B C:\xampp\htdocs\GKKKMD\Admin_ph\EditorEquipment\icons\view_text.gif --> gandariakochikancha.org /www/Admin_ph/EditorEquipment/icons view_text.gif
2012.10.02 15:49 B C:\xampp\htdocs\GKKKMD\Admin_ph\EditorEquipment\icons\view_text_on.gif --> gandariakochikancha.org /www/Admin_ph/EditorEquipment/icons view_text_on.gif
2012.10.02 15:49 B C:\xampp\htdocs\GKKKMD\Admin_ph\EditorEquipment\icons\WS_FTP.LOG --> gandariakochikancha.org /www/Admin_ph/EditorEquipment/icons WS_FTP.LOG
2012.10.22 16:05 B C:\xampp\htdocs\kaloon\Admin_ph\EditorEquipment\icons\backcolor.gif --> kalonphotography.org /www/Admin_ph/EditorEquipment/icons backcolor.gif
2012.10.22 16:05 B C:\xampp\htdocs\kaloon\Admin_ph\EditorEquipment\icons\backcolor_on.gif --> kalonphotography.org /www/Admin_ph/EditorEquipment/icons backcolor_on.gif
2012.10.22 16:06 B C:\xampp\htdocs\kaloon\Admin_ph\EditorEquipment\icons\background_silver.jpg --> kalonphotography.org /www/Admin_ph/EditorEquipment/icons background_silver.jpg
2012.10.22 16:06 B C:\xampp\htdocs\kaloon\Admin_ph\EditorEquipment\icons\bold.gif --> kalonphotography.org /www/Admin_ph/EditorEquipment/icons bold.gif
2012.10.22 16:06 B C:\xampp\htdocs\kaloon\Admin_ph\EditorEquipment\icons\bold_on.gif --> kalonphotography.org /www/Admin_ph/EditorEquipment/icons bold_on.gif
2012.10.22 16:06 B C:\xampp\htdocs\kaloon\Admin_ph\EditorEquipment\icons\copy.gif --> kalonphotography.org /www/Admin_ph/EditorEquipment/icons copy.gif
2012.10.22 16:06 B C:\xampp\htdocs\kaloon\Admin_ph\EditorEquipment\icons\copy_on.gif --> kalonphotography.org /www/Admin_ph/EditorEquipment/icons copy_on.gif
2012.10.22 16:06 B C:\xampp\htdocs\kaloon\Admin_ph\EditorEquipment\icons\cut.gif --> kalonphotography.org /www/Admin_ph/EditorEquipment/icons cut.gif
2012.10.22 16:06 B C:\xampp\htdocs\kaloon\Admin_ph\EditorEquipment\icons\cut_on.gif --> kalonphotography.org /www/Admin_ph/EditorEquipment/icons cut_on.gif
2012.10.22 16:06 B C:\xampp\htdocs\kaloon\Admin_ph\EditorEquipment\icons\forecolor.gif --> kalonphotography.org /www/Admin_ph/EditorEquipment/icons forecolor.gif
2012.10.22 16:06 B C:\xampp\htdocs\kaloon\Admin_ph\EditorEquipment\icons\forecolor_on.gif --> kalonphotography.org /www/Admin_ph/EditorEquipment/icons forecolor_on.gif
2012.10.22 16:06 B C:\xampp\htdocs\kaloon\Admin_ph\EditorEquipment\icons\help.gif --> kalonphotography.org /www/Admin_ph/EditorEquipment/icons help.gif
2012.10.22 16:06 B C:\xampp\htdocs\kaloon\Admin_ph\EditorEquipment\icons\help_on.gif --> kalonphotography.org /www/Admin_ph/EditorEquipment/icons help_on.gif
2012.10.22 16:06 B C:\xampp\htdocs\kaloon\Admin_ph\EditorEquipment\icons\indent_left.gif --> kalonphotography.org /www/Admin_ph/EditorEquipment/icons indent_left.gif
2012.10.22 16:06 B C:\xampp\htdocs\kaloon\Admin_ph\EditorEquipment\icons\indent_left_on.gif --> kalonphotography.org /www/Admin_ph/EditorEquipment/icons indent_left_on.gif
2012.10.22 16:06 B C:\xampp\htdocs\kaloon\Admin_ph\EditorEquipment\icons\indent_right.gif --> kalonphotography.org /www/Admin_ph/EditorEquipment/icons indent_right.gif
2012.10.22 16:06 B C:\xampp\htdocs\kaloon\Admin_ph\EditorEquipment\icons\indent_right_on.gif --> kalonphotography.org /www/Admin_ph/EditorEquipment/icons indent_right_on.gif
2012.10.22 16:06 B C:\xampp\htdocs\kaloon\Admin_ph\EditorEquipment\icons\insert_hyperlink.gif --> kalonphotography.org /www/Admin_ph/EditorEquipment/icons insert_hyperlink.gif
2012.10.22 16:06 B C:\xampp\htdocs\kaloon\Admin_ph\EditorEquipment\icons\insert_hyperlink_on.gif --> kalonphotography.org /www/Admin_ph/EditorEquipment/icons insert_hyperlink_on.gif
2012.10.22 16:06 B C:\xampp\htdocs\kaloon\Admin_ph\EditorEquipment\icons\insert_picture.gif --> kalonphotography.org /www/Admin_ph/EditorEquipment/icons insert_picture.gif
2012.10.22 16:07 B C:\xampp\htdocs\kaloon\Admin_ph\EditorEquipment\icons\insert_picture_on.gif --> kalonphotography.org /www/Admin_ph/EditorEquipment/icons insert_picture_on.gif
2012.10.22 16:07 B C:\xampp\htdocs\kaloon\Admin_ph\EditorEquipment\icons\insert_table.gif --> kalonphotography.org /www/Admin_ph/EditorEquipment/icons insert_table.gif
2012.10.22 16:07 B C:\xampp\htdocs\kaloon\Admin_ph\EditorEquipment\icons\insert_table_on.gif --> kalonphotography.org /www/Admin_ph/EditorEquipment/icons insert_table_on.gif
2012.10.22 16:07 B C:\xampp\htdocs\kaloon\Admin_ph\EditorEquipment\icons\italics.gif --> kalonphotography.org /www/Admin_ph/EditorEquipment/icons italics.gif
2012.10.22 16:07 B C:\xampp\htdocs\kaloon\Admin_ph\EditorEquipment\icons\italics_on.gif --> kalonphotography.org /www/Admin_ph/EditorEquipment/icons italics_on.gif
2012.10.22 16:07 B C:\xampp\htdocs\kaloon\Admin_ph\EditorEquipment\icons\justify_center.gif --> kalonphotography.org /www/Admin_ph/EditorEquipment/icons justify_center.gif
2012.10.22 16:07 B C:\xampp\htdocs\kaloon\Admin_ph\EditorEquipment\icons\justify_center_on.gif --> kalonphotography.org /www/Admin_ph/EditorEquipment/icons justify_center_on.gif
2012.10.22 16:07 B C:\xampp\htdocs\kaloon\Admin_ph\EditorEquipment\icons\justify_left.gif --> kalonphotography.org /www/Admin_ph/EditorEquipment/icons justify_left.gif
2012.10.22 16:07 B C:\xampp\htdocs\kaloon\Admin_ph\EditorEquipment\icons\justify_left_on.gif --> kalonphotography.org /www/Admin_ph/EditorEquipment/icons justify_left_on.gif
2012.10.22 16:07 B C:\xampp\htdocs\kaloon\Admin_ph\EditorEquipment\icons\justify_right.gif --> kalonphotography.org /www/Admin_ph/EditorEquipment/icons justify_right.gif
2012.10.22 16:07 B C:\xampp\htdocs\kaloon\Admin_ph\EditorEquipment\icons\justify_right_on.gif --> kalonphotography.org /www/Admin_ph/EditorEquipment/icons justify_right_on.gif
2012.10.22 16:07 B C:\xampp\htdocs\kaloon\Admin_ph\EditorEquipment\icons\list_ordered.gif --> kalonphotography.org /www/Admin_ph/EditorEquipment/icons list_ordered.gif
2012.10.22 16:07 B C:\xampp\htdocs\kaloon\Admin_ph\EditorEquipment\icons\list_ordered_on.gif --> kalonphotography.org /www/Admin_ph/EditorEquipment/icons list_ordered_on.gif
2012.10.22 16:07 B C:\xampp\htdocs\kaloon\Admin_ph\EditorEquipment\icons\list_unordered.gif --> kalonphotography.org /www/Admin_ph/EditorEquipment/icons list_unordered.gif
2012.10.22 16:07 B C:\xampp\htdocs\kaloon\Admin_ph\EditorEquipment\icons\list_unordered_on.gif --> kalonphotography.org /www/Admin_ph/EditorEquipment/icons list_unordered_on.gif
2012.10.22 16:07 B C:\xampp\htdocs\kaloon\Admin_ph\EditorEquipment\icons\logo.gif --> kalonphotography.org /www/Admin_ph/EditorEquipment/icons logo.gif
2012.10.22 16:07 B C:\xampp\htdocs\kaloon\Admin_ph\EditorEquipment\icons\paste.gif --> kalonphotography.org /www/Admin_ph/EditorEquipment/icons paste.gif
2012.10.22 16:07 B C:\xampp\htdocs\kaloon\Admin_ph\EditorEquipment\icons\paste_on.gif --> kalonphotography.org /www/Admin_ph/EditorEquipment/icons paste_on.gif
2012.10.22 16:07 B C:\xampp\htdocs\kaloon\Admin_ph\EditorEquipment\icons\redo.gif --> kalonphotography.org /www/Admin_ph/EditorEquipment/icons redo.gif
2012.10.22 16:07 B C:\xampp\htdocs\kaloon\Admin_ph\EditorEquipment\icons\redo_on.gif --> kalonphotography.org /www/Admin_ph/EditorEquipment/icons redo_on.gif
2012.10.22 16:07 B C:\xampp\htdocs\kaloon\Admin_ph\EditorEquipment\icons\select_font.gif --> kalonphotography.org /www/Admin_ph/EditorEquipment/icons select_font.gif
2012.10.22 16:07 B C:\xampp\htdocs\kaloon\Admin_ph\EditorEquipment\icons\select_font_on.gif --> kalonphotography.org /www/Admin_ph/EditorEquipment/icons select_font_on.gif
2012.10.22 16:07 B C:\xampp\htdocs\kaloon\Admin_ph\EditorEquipment\icons\select_size.gif --> kalonphotography.org /www/Admin_ph/EditorEquipment/icons select_size.gif
2012.10.22 16:07 B C:\xampp\htdocs\kaloon\Admin_ph\EditorEquipment\icons\select_size_on.gif --> kalonphotography.org /www/Admin_ph/EditorEquipment/icons select_size_on.gif
2012.10.22 16:07 B C:\xampp\htdocs\kaloon\Admin_ph\EditorEquipment\icons\seperator.gif --> kalonphotography.org /www/Admin_ph/EditorEquipment/icons seperator.gif
2012.10.22 16:08 B C:\xampp\htdocs\kaloon\Admin_ph\EditorEquipment\icons\seperator2.gif --> kalonphotography.org /www/Admin_ph/EditorEquipment/icons seperator2.gif
2012.10.22 16:08 B C:\xampp\htdocs\kaloon\Admin_ph\EditorEquipment\icons\strikethrough.gif --> kalonphotography.org /www/Admin_ph/EditorEquipment/icons strikethrough.gif
2012.10.22 16:08 B C:\xampp\htdocs\kaloon\Admin_ph\EditorEquipment\icons\strikethrough_on.gif --> kalonphotography.org /www/Admin_ph/EditorEquipment/icons strikethrough_on.gif
2012.10.22 16:08 B C:\xampp\htdocs\kaloon\Admin_ph\EditorEquipment\icons\subscript.gif --> kalonphotography.org /www/Admin_ph/EditorEquipment/icons subscript.gif
2012.10.22 16:08 B C:\xampp\htdocs\kaloon\Admin_ph\EditorEquipment\icons\subscript_on.gif --> kalonphotography.org /www/Admin_ph/EditorEquipment/icons subscript_on.gif
2012.10.22 16:08 B C:\xampp\htdocs\kaloon\Admin_ph\EditorEquipment\icons\superscript.gif --> kalonphotography.org /www/Admin_ph/EditorEquipment/icons superscript.gif
2012.10.22 16:08 B C:\xampp\htdocs\kaloon\Admin_ph\EditorEquipment\icons\superscript_on.gif --> kalonphotography.org /www/Admin_ph/EditorEquipment/icons superscript_on.gif
2012.10.22 16:08 B C:\xampp\htdocs\kaloon\Admin_ph\EditorEquipment\icons\underline.gif --> kalonphotography.org /www/Admin_ph/EditorEquipment/icons underline.gif
2012.10.22 16:08 B C:\xampp\htdocs\kaloon\Admin_ph\EditorEquipment\icons\underline_on.gif --> kalonphotography.org /www/Admin_ph/EditorEquipment/icons underline_on.gif
2012.10.22 16:08 B C:\xampp\htdocs\kaloon\Admin_ph\EditorEquipment\icons\undo.gif --> kalonphotography.org /www/Admin_ph/EditorEquipment/icons undo.gif
2012.10.22 16:08 B C:\xampp\htdocs\kaloon\Admin_ph\EditorEquipment\icons\undo_on.gif --> kalonphotography.org /www/Admin_ph/EditorEquipment/icons undo_on.gif
2012.10.22 16:08 B C:\xampp\htdocs\kaloon\Admin_ph\EditorEquipment\icons\view_source.gif --> kalonphotography.org /www/Admin_ph/EditorEquipment/icons view_source.gif
2012.10.22 16:08 B C:\xampp\htdocs\kaloon\Admin_ph\EditorEquipment\icons\view_source_on.gif --> kalonphotography.org /www/Admin_ph/EditorEquipment/icons view_source_on.gif
2012.10.22 16:08 B C:\xampp\htdocs\kaloon\Admin_ph\EditorEquipment\icons\view_text.gif --> kalonphotography.org /www/Admin_ph/EditorEquipment/icons view_text.gif
2012.10.22 16:08 B C:\xampp\htdocs\kaloon\Admin_ph\EditorEquipment\icons\view_text_on.gif --> kalonphotography.org /www/Admin_ph/EditorEquipment/icons view_text_on.gif
2012.10.22 16:08 B C:\xampp\htdocs\kaloon\Admin_ph\EditorEquipment\icons\WS_FTP.LOG --> kalonphotography.org /www/Admin_ph/EditorEquipment/icons WS_FTP.LOG
2014.09.16 12:12 B E:\xampp\htdocs\ipolice\Admin\page_control\EditorEquipment\icons\WS_FTP.LOG --> 114.130.54.133 /Admin/page_control/EditorEquipment/icons WS_FTP.LOG
2014.09.16 12:12 B E:\xampp\htdocs\ipolice\Admin\page_control\EditorEquipment\icons\view_text_on.gif --> 114.130.54.133 /Admin/page_control/EditorEquipment/icons view_text_on.gif
2014.09.16 12:12 B E:\xampp\htdocs\ipolice\Admin\page_control\EditorEquipment\icons\view_text.gif --> 114.130.54.133 /Admin/page_control/EditorEquipment/icons view_text.gif
2014.09.16 12:12 B E:\xampp\htdocs\ipolice\Admin\page_control\EditorEquipment\icons\view_source_on.gif --> 114.130.54.133 /Admin/page_control/EditorEquipment/icons view_source_on.gif
2014.09.16 12:12 B E:\xampp\htdocs\ipolice\Admin\page_control\EditorEquipment\icons\view_source.gif --> 114.130.54.133 /Admin/page_control/EditorEquipment/icons view_source.gif
2014.09.16 12:12 B E:\xampp\htdocs\ipolice\Admin\page_control\EditorEquipment\icons\undo_on.gif --> 114.130.54.133 /Admin/page_control/EditorEquipment/icons undo_on.gif
2014.09.16 12:12 B E:\xampp\htdocs\ipolice\Admin\page_control\EditorEquipment\icons\undo.gif --> 114.130.54.133 /Admin/page_control/EditorEquipment/icons undo.gif
2014.09.16 12:12 B E:\xampp\htdocs\ipolice\Admin\page_control\EditorEquipment\icons\underline_on.gif --> 114.130.54.133 /Admin/page_control/EditorEquipment/icons underline_on.gif
2014.09.16 12:12 B E:\xampp\htdocs\ipolice\Admin\page_control\EditorEquipment\icons\underline.gif --> 114.130.54.133 /Admin/page_control/EditorEquipment/icons underline.gif
2014.09.16 12:12 B E:\xampp\htdocs\ipolice\Admin\page_control\EditorEquipment\icons\superscript_on.gif --> 114.130.54.133 /Admin/page_control/EditorEquipment/icons superscript_on.gif
2014.09.16 12:12 B E:\xampp\htdocs\ipolice\Admin\page_control\EditorEquipment\icons\superscript.gif --> 114.130.54.133 /Admin/page_control/EditorEquipment/icons superscript.gif
2014.09.16 12:12 B E:\xampp\htdocs\ipolice\Admin\page_control\EditorEquipment\icons\subscript_on.gif --> 114.130.54.133 /Admin/page_control/EditorEquipment/icons subscript_on.gif
2014.09.16 12:12 B E:\xampp\htdocs\ipolice\Admin\page_control\EditorEquipment\icons\subscript.gif --> 114.130.54.133 /Admin/page_control/EditorEquipment/icons subscript.gif
2014.09.16 12:12 B E:\xampp\htdocs\ipolice\Admin\page_control\EditorEquipment\icons\strikethrough_on.gif --> 114.130.54.133 /Admin/page_control/EditorEquipment/icons strikethrough_on.gif
2014.09.16 12:12 B E:\xampp\htdocs\ipolice\Admin\page_control\EditorEquipment\icons\strikethrough.gif --> 114.130.54.133 /Admin/page_control/EditorEquipment/icons strikethrough.gif
2014.09.16 12:12 B E:\xampp\htdocs\ipolice\Admin\page_control\EditorEquipment\icons\seperator2.gif --> 114.130.54.133 /Admin/page_control/EditorEquipment/icons seperator2.gif
2014.09.16 12:12 B E:\xampp\htdocs\ipolice\Admin\page_control\EditorEquipment\icons\seperator.gif --> 114.130.54.133 /Admin/page_control/EditorEquipment/icons seperator.gif
2014.09.16 12:12 B E:\xampp\htdocs\ipolice\Admin\page_control\EditorEquipment\icons\select_size_on.gif --> 114.130.54.133 /Admin/page_control/EditorEquipment/icons select_size_on.gif
2014.09.16 12:12 B E:\xampp\htdocs\ipolice\Admin\page_control\EditorEquipment\icons\select_size.gif --> 114.130.54.133 /Admin/page_control/EditorEquipment/icons select_size.gif
2014.09.16 12:12 B E:\xampp\htdocs\ipolice\Admin\page_control\EditorEquipment\icons\select_font_on.gif --> 114.130.54.133 /Admin/page_control/EditorEquipment/icons select_font_on.gif
2014.09.16 12:12 B E:\xampp\htdocs\ipolice\Admin\page_control\EditorEquipment\icons\select_font.gif --> 114.130.54.133 /Admin/page_control/EditorEquipment/icons select_font.gif
2014.09.16 12:12 B E:\xampp\htdocs\ipolice\Admin\page_control\EditorEquipment\icons\redo_on.gif --> 114.130.54.133 /Admin/page_control/EditorEquipment/icons redo_on.gif
2014.09.16 12:12 B E:\xampp\htdocs\ipolice\Admin\page_control\EditorEquipment\icons\redo.gif --> 114.130.54.133 /Admin/page_control/EditorEquipment/icons redo.gif
2014.09.16 12:12 B E:\xampp\htdocs\ipolice\Admin\page_control\EditorEquipment\icons\paste_on.gif --> 114.130.54.133 /Admin/page_control/EditorEquipment/icons paste_on.gif
2014.09.16 12:12 B E:\xampp\htdocs\ipolice\Admin\page_control\EditorEquipment\icons\paste.gif --> 114.130.54.133 /Admin/page_control/EditorEquipment/icons paste.gif
2014.09.16 12:12 B E:\xampp\htdocs\ipolice\Admin\page_control\EditorEquipment\icons\logo.gif --> 114.130.54.133 /Admin/page_control/EditorEquipment/icons logo.gif
2014.09.16 12:12 B E:\xampp\htdocs\ipolice\Admin\page_control\EditorEquipment\icons\list_unordered_on.gif --> 114.130.54.133 /Admin/page_control/EditorEquipment/icons list_unordered_on.gif
2014.09.16 12:12 B E:\xampp\htdocs\ipolice\Admin\page_control\EditorEquipment\icons\list_unordered.gif --> 114.130.54.133 /Admin/page_control/EditorEquipment/icons list_unordered.gif
2014.09.16 12:12 B E:\xampp\htdocs\ipolice\Admin\page_control\EditorEquipment\icons\list_ordered_on.gif --> 114.130.54.133 /Admin/page_control/EditorEquipment/icons list_ordered_on.gif
2014.09.16 12:12 B E:\xampp\htdocs\ipolice\Admin\page_control\EditorEquipment\icons\list_ordered.gif --> 114.130.54.133 /Admin/page_control/EditorEquipment/icons list_ordered.gif
2014.09.16 12:12 B E:\xampp\htdocs\ipolice\Admin\page_control\EditorEquipment\icons\justify_right_on.gif --> 114.130.54.133 /Admin/page_control/EditorEquipment/icons justify_right_on.gif
2014.09.16 12:12 B E:\xampp\htdocs\ipolice\Admin\page_control\EditorEquipment\icons\justify_right.gif --> 114.130.54.133 /Admin/page_control/EditorEquipment/icons justify_right.gif
2014.09.16 12:12 B E:\xampp\htdocs\ipolice\Admin\page_control\EditorEquipment\icons\justify_left_on.gif --> 114.130.54.133 /Admin/page_control/EditorEquipment/icons justify_left_on.gif
2014.09.16 12:12 B E:\xampp\htdocs\ipolice\Admin\page_control\EditorEquipment\icons\justify_left.gif --> 114.130.54.133 /Admin/page_control/EditorEquipment/icons justify_left.gif
2014.09.16 12:12 B E:\xampp\htdocs\ipolice\Admin\page_control\EditorEquipment\icons\justify_center_on.gif --> 114.130.54.133 /Admin/page_control/EditorEquipment/icons justify_center_on.gif
2014.09.16 12:13 B E:\xampp\htdocs\ipolice\Admin\page_control\EditorEquipment\icons\justify_center.gif --> 114.130.54.133 /Admin/page_control/EditorEquipment/icons justify_center.gif
2014.09.16 12:13 B E:\xampp\htdocs\ipolice\Admin\page_control\EditorEquipment\icons\italics_on.gif --> 114.130.54.133 /Admin/page_control/EditorEquipment/icons italics_on.gif
2014.09.16 12:13 B E:\xampp\htdocs\ipolice\Admin\page_control\EditorEquipment\icons\italics.gif --> 114.130.54.133 /Admin/page_control/EditorEquipment/icons italics.gif
2014.09.16 12:13 B E:\xampp\htdocs\ipolice\Admin\page_control\EditorEquipment\icons\insert_table_on.gif --> 114.130.54.133 /Admin/page_control/EditorEquipment/icons insert_table_on.gif
2014.09.16 12:13 B E:\xampp\htdocs\ipolice\Admin\page_control\EditorEquipment\icons\insert_table.gif --> 114.130.54.133 /Admin/page_control/EditorEquipment/icons insert_table.gif
2014.09.16 12:13 B E:\xampp\htdocs\ipolice\Admin\page_control\EditorEquipment\icons\insert_picture_on.gif --> 114.130.54.133 /Admin/page_control/EditorEquipment/icons insert_picture_on.gif
2014.09.16 12:13 B E:\xampp\htdocs\ipolice\Admin\page_control\EditorEquipment\icons\insert_picture.gif --> 114.130.54.133 /Admin/page_control/EditorEquipment/icons insert_picture.gif
2014.09.16 12:13 B E:\xampp\htdocs\ipolice\Admin\page_control\EditorEquipment\icons\insert_hyperlink_on.gif --> 114.130.54.133 /Admin/page_control/EditorEquipment/icons insert_hyperlink_on.gif
2014.09.16 12:13 B E:\xampp\htdocs\ipolice\Admin\page_control\EditorEquipment\icons\insert_hyperlink.gif --> 114.130.54.133 /Admin/page_control/EditorEquipment/icons insert_hyperlink.gif
2014.09.16 12:13 B E:\xampp\htdocs\ipolice\Admin\page_control\EditorEquipment\icons\indent_right_on.gif --> 114.130.54.133 /Admin/page_control/EditorEquipment/icons indent_right_on.gif
2014.09.16 12:13 B E:\xampp\htdocs\ipolice\Admin\page_control\EditorEquipment\icons\indent_right.gif --> 114.130.54.133 /Admin/page_control/EditorEquipment/icons indent_right.gif
2014.09.16 12:13 B E:\xampp\htdocs\ipolice\Admin\page_control\EditorEquipment\icons\indent_left_on.gif --> 114.130.54.133 /Admin/page_control/EditorEquipment/icons indent_left_on.gif
2014.09.16 12:13 B E:\xampp\htdocs\ipolice\Admin\page_control\EditorEquipment\icons\indent_left.gif --> 114.130.54.133 /Admin/page_control/EditorEquipment/icons indent_left.gif
2014.09.16 12:13 B E:\xampp\htdocs\ipolice\Admin\page_control\EditorEquipment\icons\help_on.gif --> 114.130.54.133 /Admin/page_control/EditorEquipment/icons help_on.gif
2014.09.16 12:13 B E:\xampp\htdocs\ipolice\Admin\page_control\EditorEquipment\icons\help.gif --> 114.130.54.133 /Admin/page_control/EditorEquipment/icons help.gif
2014.09.16 12:13 B E:\xampp\htdocs\ipolice\Admin\page_control\EditorEquipment\icons\forecolor_on.gif --> 114.130.54.133 /Admin/page_control/EditorEquipment/icons forecolor_on.gif
2014.09.16 12:13 B E:\xampp\htdocs\ipolice\Admin\page_control\EditorEquipment\icons\forecolor.gif --> 114.130.54.133 /Admin/page_control/EditorEquipment/icons forecolor.gif
2014.09.16 12:13 B E:\xampp\htdocs\ipolice\Admin\page_control\EditorEquipment\icons\cut_on.gif --> 114.130.54.133 /Admin/page_control/EditorEquipment/icons cut_on.gif
2014.09.16 12:13 B E:\xampp\htdocs\ipolice\Admin\page_control\EditorEquipment\icons\cut.gif --> 114.130.54.133 /Admin/page_control/EditorEquipment/icons cut.gif
2014.09.16 12:13 B E:\xampp\htdocs\ipolice\Admin\page_control\EditorEquipment\icons\copy_on.gif --> 114.130.54.133 /Admin/page_control/EditorEquipment/icons copy_on.gif
2014.09.16 12:13 B E:\xampp\htdocs\ipolice\Admin\page_control\EditorEquipment\icons\copy.gif --> 114.130.54.133 /Admin/page_control/EditorEquipment/icons copy.gif
2014.09.16 12:13 B E:\xampp\htdocs\ipolice\Admin\page_control\EditorEquipment\icons\bold_on.gif --> 114.130.54.133 /Admin/page_control/EditorEquipment/icons bold_on.gif
2014.09.16 12:13 B E:\xampp\htdocs\ipolice\Admin\page_control\EditorEquipment\icons\bold.gif --> 114.130.54.133 /Admin/page_control/EditorEquipment/icons bold.gif
2014.09.16 12:13 B E:\xampp\htdocs\ipolice\Admin\page_control\EditorEquipment\icons\background_silver.jpg --> 114.130.54.133 /Admin/page_control/EditorEquipment/icons background_silver.jpg
2014.09.16 12:13 B E:\xampp\htdocs\ipolice\Admin\page_control\EditorEquipment\icons\backcolor_on.gif --> 114.130.54.133 /Admin/page_control/EditorEquipment/icons backcolor_on.gif
2014.09.16 12:13 B E:\xampp\htdocs\ipolice\Admin\page_control\EditorEquipment\icons\backcolor.gif --> 114.130.54.133 /Admin/page_control/EditorEquipment/icons backcolor.gif
