2014.08.23 12:54 B E:\xampp\htdocs\ipolice\uploads\troops\Sunset307281.jpg --> 114.130.54.133 /uploads/troops Sunset307281.jpg
2014.08.23 12:54 B E:\xampp\htdocs\ipolice\uploads\troops\Winter383239.jpg --> 114.130.54.133 /uploads/troops Winter383239.jpg
2014.08.31 14:53 B E:\xampp\htdocs\ipolice\uploads\troops\1001108334.jpg <-- police /uploads/troops 1001108334.jpg
2014.08.31 14:53 B E:\xampp\htdocs\ipolice\uploads\troops\1010305_496589320411734_1371870653_n653301.jpg <-- police /uploads/troops 1010305_496589320411734_1371870653_n653301.jpg
2014.08.31 14:53 B E:\xampp\htdocs\ipolice\uploads\troops\10177446_1421956168060265_1684099249_n590665.jpg <-- police /uploads/troops 10177446_1421956168060265_1684099249_n590665.jpg
2014.08.31 14:53 B E:\xampp\htdocs\ipolice\uploads\troops\10334275_186759641494394_217277045520189802112.jpg <-- police /uploads/troops 10334275_186759641494394_217277045520189802112.jpg
2014.08.31 14:53 B E:\xampp\htdocs\ipolice\uploads\troops\10334275_186759641494394_217277045520189864131.jpg <-- police /uploads/troops 10334275_186759641494394_217277045520189864131.jpg
2014.08.31 14:53 B E:\xampp\htdocs\ipolice\uploads\troops\10352395_1441986086085041_1074104560693638257_n29485.jpg <-- police /uploads/troops 10352395_1441986086085041_1074104560693638257_n29485.jpg
2014.08.31 14:53 B E:\xampp\htdocs\ipolice\uploads\troops\10366284_486157378151845_9060986202013867434_n136017.jpg <-- police /uploads/troops 10366284_486157378151845_9060986202013867434_n136017.jpg
2014.08.31 14:53 B E:\xampp\htdocs\ipolice\uploads\troops\10372625_1415366428747632_3758069176849387113_a948042.jpg <-- police /uploads/troops 10372625_1415366428747632_3758069176849387113_a948042.jpg
2014.08.31 14:53 B E:\xampp\htdocs\ipolice\uploads\troops\10390262_297081160465859_2699343185368103819_n549636.jpg <-- police /uploads/troops 10390262_297081160465859_2699343185368103819_n549636.jpg
2014.08.31 14:53 B E:\xampp\htdocs\ipolice\uploads\troops\10469687_801746853189341_6314389877158322435_n-Copy124931.jpg <-- police /uploads/troops 10469687_801746853189341_6314389877158322435_n-Copy124931.jpg
2014.08.31 14:53 B E:\xampp\htdocs\ipolice\uploads\troops\10492421_344679505684065_4855825653629075033_n227465.jpg <-- police /uploads/troops 10492421_344679505684065_4855825653629075033_n227465.jpg
2014.08.31 14:53 B E:\xampp\htdocs\ipolice\uploads\troops\10509490_1655377531354083_5535743996078148747_n273241.jpg <-- police /uploads/troops 10509490_1655377531354083_5535743996078148747_n273241.jpg
2014.08.31 14:53 B E:\xampp\htdocs\ipolice\uploads\troops\10509490_1655377531354083_5535743996078148747_n363206.jpg <-- police /uploads/troops 10509490_1655377531354083_5535743996078148747_n363206.jpg
2014.08.31 14:53 B E:\xampp\htdocs\ipolice\uploads\troops\10509490_1655377531354083_5535743996078148747_n367339.jpg <-- police /uploads/troops 10509490_1655377531354083_5535743996078148747_n367339.jpg
2014.08.31 14:53 B E:\xampp\htdocs\ipolice\uploads\troops\10509490_1655377531354083_5535743996078148747_n457534.jpg <-- police /uploads/troops 10509490_1655377531354083_5535743996078148747_n457534.jpg
2014.08.31 14:53 B E:\xampp\htdocs\ipolice\uploads\troops\10509490_1655377531354083_5535743996078148747_n55760.jpg <-- police /uploads/troops 10509490_1655377531354083_5535743996078148747_n55760.jpg
2014.08.31 14:53 B E:\xampp\htdocs\ipolice\uploads\troops\10509490_1655377531354083_5535743996078148747_n657907.jpg <-- police /uploads/troops 10509490_1655377531354083_5535743996078148747_n657907.jpg
2014.08.31 14:53 B E:\xampp\htdocs\ipolice\uploads\troops\10534539_535584849901247_207679912732011410_n634641.jpg <-- police /uploads/troops 10534539_535584849901247_207679912732011410_n634641.jpg
2014.08.31 14:53 B E:\xampp\htdocs\ipolice\uploads\troops\1170961_457948730972710_1848670589_n453790.jpg <-- police /uploads/troops 1170961_457948730972710_1848670589_n453790.jpg
2014.08.31 14:53 B E:\xampp\htdocs\ipolice\uploads\troops\1882805.jpg <-- police /uploads/troops 1882805.jpg
2014.08.31 14:53 B E:\xampp\htdocs\ipolice\uploads\troops\2014-07-1113.01.20770923.jpg <-- police /uploads/troops 2014-07-1113.01.20770923.jpg
2014.08.31 14:53 B E:\xampp\htdocs\ipolice\uploads\troops\20140103_165442107061.jpg <-- police /uploads/troops 20140103_165442107061.jpg
2014.08.31 14:53 B E:\xampp\htdocs\ipolice\uploads\troops\20140228-002429807.jpeg <-- police /uploads/troops 20140228-002429807.jpeg
2014.08.31 14:53 B E:\xampp\htdocs\ipolice\uploads\troops\20140228-002745142.jpeg <-- police /uploads/troops 20140228-002745142.jpeg
2014.08.31 14:53 B E:\xampp\htdocs\ipolice\uploads\troops\20140423_065550823301.jpg <-- police /uploads/troops 20140423_065550823301.jpg
2014.08.31 14:53 B E:\xampp\htdocs\ipolice\uploads\troops\211213-1515593126.jpg <-- police /uploads/troops 211213-1515593126.jpg
2014.08.31 14:54 B E:\xampp\htdocs\ipolice\uploads\troops\211213-1515610109.jpg <-- police /uploads/troops 211213-1515610109.jpg
2014.08.31 14:54 B E:\xampp\htdocs\ipolice\uploads\troops\211213-1515747706.jpg <-- police /uploads/troops 211213-1515747706.jpg
2014.08.31 14:54 B E:\xampp\htdocs\ipolice\uploads\troops\211213-1515941427.jpg <-- police /uploads/troops 211213-1515941427.jpg
2014.08.31 14:54 B E:\xampp\htdocs\ipolice\uploads\troops\537410_358716424235164_2103991488_n609142.jpg <-- police /uploads/troops 537410_358716424235164_2103991488_n609142.jpg
2014.08.31 14:54 B E:\xampp\htdocs\ipolice\uploads\troops\603536_208383179289828_797952676_n77023.jpg <-- police /uploads/troops 603536_208383179289828_797952676_n77023.jpg
2014.08.31 14:54 B E:\xampp\htdocs\ipolice\uploads\troops\Broken-Heart-Big-Emoticons-Smiley-For-Facebook142926.jpg <-- police /uploads/troops Broken-Heart-Big-Emoticons-Smiley-For-Facebook142926.jpg
2014.08.31 14:54 B E:\xampp\htdocs\ipolice\uploads\troops\common-skin-problem14882.jpg <-- police /uploads/troops common-skin-problem14882.jpg
2014.08.31 14:54 B E:\xampp\htdocs\ipolice\uploads\troops\common-skin-problem312680.jpg <-- police /uploads/troops common-skin-problem312680.jpg
2014.08.31 14:54 B E:\xampp\htdocs\ipolice\uploads\troops\Condom-Thumbs-up-Big-Emoticons-Smiley-For-Facebook529029.jpg <-- police /uploads/troops Condom-Thumbs-up-Big-Emoticons-Smiley-For-Facebook529029.jpg
2014.08.31 14:54 B E:\xampp\htdocs\ipolice\uploads\troops\dd395735.jpg <-- police /uploads/troops dd395735.jpg
2014.08.31 14:54 B E:\xampp\htdocs\ipolice\uploads\troops\Dont-Understand-Big-Emoticons-Smiley-For-Facebook637110.jpg <-- police /uploads/troops Dont-Understand-Big-Emoticons-Smiley-For-Facebook637110.jpg
2014.08.31 14:54 B E:\xampp\htdocs\ipolice\uploads\troops\Have-a-Lovely-Day-Big-Emoticons-Smiley-For-Facebook823.jpg <-- police /uploads/troops Have-a-Lovely-Day-Big-Emoticons-Smiley-For-Facebook823.jpg
2014.08.31 14:54 B E:\xampp\htdocs\ipolice\uploads\troops\image631049.jpg <-- police /uploads/troops image631049.jpg
2014.08.31 14:54 B E:\xampp\htdocs\ipolice\uploads\troops\image786166.jpg <-- police /uploads/troops image786166.jpg
2014.08.31 14:54 B E:\xampp\htdocs\ipolice\uploads\troops\image831041.jpg <-- police /uploads/troops image831041.jpg
2014.08.31 14:54 B E:\xampp\htdocs\ipolice\uploads\troops\IMG00231309379.jpg <-- police /uploads/troops IMG00231309379.jpg
2014.08.31 14:54 B E:\xampp\htdocs\ipolice\uploads\troops\IMG00231388642.jpg <-- police /uploads/troops IMG00231388642.jpg
2014.08.31 14:54 B E:\xampp\htdocs\ipolice\uploads\troops\IMG00231538176.jpg <-- police /uploads/troops IMG00231538176.jpg
2014.08.31 14:54 B E:\xampp\htdocs\ipolice\uploads\troops\IMG0026313142.jpg <-- police /uploads/troops IMG0026313142.jpg
2014.08.31 14:54 B E:\xampp\htdocs\ipolice\uploads\troops\IMG00283792422.jpg <-- police /uploads/troops IMG00283792422.jpg
2014.08.31 14:54 B E:\xampp\htdocs\ipolice\uploads\troops\IMG_20131226_152816141126388.jpg <-- police /uploads/troops IMG_20131226_152816141126388.jpg
2014.08.31 14:54 B E:\xampp\htdocs\ipolice\uploads\troops\IMG_20131226_152816141206416.jpg <-- police /uploads/troops IMG_20131226_152816141206416.jpg
2014.08.31 14:54 B E:\xampp\htdocs\ipolice\uploads\troops\IMG_20131226_152816141329432.jpg <-- police /uploads/troops IMG_20131226_152816141329432.jpg
2014.08.31 14:54 B E:\xampp\htdocs\ipolice\uploads\troops\IMG_20131226_152816141339070.jpg <-- police /uploads/troops IMG_20131226_152816141339070.jpg
2014.08.31 14:54 B E:\xampp\htdocs\ipolice\uploads\troops\IMG_20131226_15281614144055.jpg <-- police /uploads/troops IMG_20131226_15281614144055.jpg
2014.08.31 14:54 B E:\xampp\htdocs\ipolice\uploads\troops\IMG_20131226_152816141485329.jpg <-- police /uploads/troops IMG_20131226_152816141485329.jpg
2014.08.31 14:54 B E:\xampp\htdocs\ipolice\uploads\troops\IMG_20131226_152816141548868.jpg <-- police /uploads/troops IMG_20131226_152816141548868.jpg
2014.08.31 14:54 B E:\xampp\htdocs\ipolice\uploads\troops\IMG_20131226_152816141687465.jpg <-- police /uploads/troops IMG_20131226_152816141687465.jpg
2014.08.31 14:54 B E:\xampp\htdocs\ipolice\uploads\troops\IMG_20131226_152816141745306.jpg <-- police /uploads/troops IMG_20131226_152816141745306.jpg
2014.08.31 14:54 B E:\xampp\htdocs\ipolice\uploads\troops\IMG_20131226_152816141830839.jpg <-- police /uploads/troops IMG_20131226_152816141830839.jpg
2014.08.31 14:55 B E:\xampp\htdocs\ipolice\uploads\troops\IMG_20131226_152816141928896.jpg <-- police /uploads/troops IMG_20131226_152816141928896.jpg
2014.08.31 14:55 B E:\xampp\htdocs\ipolice\uploads\troops\IMG_20131226_152816141962849.jpg <-- police /uploads/troops IMG_20131226_152816141962849.jpg
2014.08.31 14:55 B E:\xampp\htdocs\ipolice\uploads\troops\Winter383239.jpg <-- police /uploads/troops Winter383239.jpg
